Determining if the pthread_create exist failed with the following output:
Change Dir: /home/per/GIT/vehicle-tracking-gazebo/gazebo_world_plugin/build/CMakeFiles/CMakeTmp

Run Build Command:"/usr/bin/make" "cmTC_f82fa/fast"
/usr/bin/make -f CMakeFiles/cmTC_f82fa.dir/build.make CMakeFiles/cmTC_f82fa.dir/build
make[1]: Entering directory '/home/per/GIT/vehicle-tracking-gazebo/gazebo_world_plugin/build/CMakeFiles/CMakeTmp'
Building C object CMakeFiles/cmTC_f82fa.dir/CheckSymbolExists.c.o
/usr/bin/cc     -o CMakeFiles/cmTC_f82fa.dir/CheckSymbolExists.c.o   -c /home/per/GIT/vehicle-tracking-gazebo/gazebo_world_plugin/build/CMakeFiles/CMakeTmp/CheckSymbolExists.c
Linking C executable cmTC_f82fa
/usr/bin/cmake -E cmake_link_script CMakeFiles/cmTC_f82fa.dir/link.txt --verbose=1
/usr/bin/cc       CMakeFiles/cmTC_f82fa.dir/CheckSymbolExists.c.o  -o cmTC_f82fa -rdynamic 
CMakeFiles/cmTC_f82fa.dir/CheckSymbolExists.c.o: In function `main':
CheckSymbolExists.c:(.text+0x16): undefined reference to `pthread_create'
collect2: error: ld returned 1 exit status
CMakeFiles/cmTC_f82fa.dir/build.make:97: recipe for target 'cmTC_f82fa' failed
make[1]: *** [cmTC_f82fa] Error 1
make[1]: Leaving directory '/home/per/GIT/vehicle-tracking-gazebo/gazebo_world_plugin/build/CMakeFiles/CMakeTmp'
Makefile:126: recipe for target 'cmTC_f82fa/fast' failed
make: *** [cmTC_f82fa/fast] Error 2

File /home/per/GIT/vehicle-tracking-gazebo/gazebo_world_plugin/build/CMakeFiles/CMakeTmp/CheckSymbolExists.c:
/* */
#include <pthread.h>

int main(int argc, char** argv)
{
  (void)argv;
#ifndef pthread_create
  return ((int*)(&pthread_create))[argc];
#else
  (void)argc;
  return 0;
#endif
}

Determining if the function pthread_create exists in the pthreads failed with the following output:
Change Dir: /home/per/GIT/vehicle-tracking-gazebo/gazebo_world_plugin/build/CMakeFiles/CMakeTmp

Run Build Command:"/usr/bin/make" "cmTC_cc9ab/fast"
/usr/bin/make -f CMakeFiles/cmTC_cc9ab.dir/build.make CMakeFiles/cmTC_cc9ab.dir/build
make[1]: Entering directory '/home/per/GIT/vehicle-tracking-gazebo/gazebo_world_plugin/build/CMakeFiles/CMakeTmp'
Building C object CMakeFiles/cmTC_cc9ab.dir/CheckFunctionExists.c.o
/usr/bin/cc    -DCHECK_FUNCTION_EXISTS=pthread_create   -o CMakeFiles/cmTC_cc9ab.dir/CheckFunctionExists.c.o   -c /usr/share/cmake-3.5/Modules/CheckFunctionExists.c
Linking C executable cmTC_cc9ab
/usr/bin/cmake -E cmake_link_script CMakeFiles/cmTC_cc9ab.dir/link.txt --verbose=1
/usr/bin/cc   -DCHECK_FUNCTION_EXISTS=pthread_create    CMakeFiles/cmTC_cc9ab.dir/CheckFunctionExists.c.o  -o cmTC_cc9ab -rdynamic -lpthreads 
/usr/bin/ld: cannot find -lpthreads
collect2: error: ld returned 1 exit status
CMakeFiles/cmTC_cc9ab.dir/build.make:97: recipe for target 'cmTC_cc9ab' failed
make[1]: *** [cmTC_cc9ab] Error 1
make[1]: Leaving directory '/home/per/GIT/vehicle-tracking-gazebo/gazebo_world_plugin/build/CMakeFiles/CMakeTmp'
Makefile:126: recipe for target 'cmTC_cc9ab/fast' failed
make: *** [cmTC_cc9ab/fast] Error 2


